mode: set
github.com/myxxhui/lighthouse-src/pkg/costmodel/aggregator.go:16.82,17.21 1 1
github.com/myxxhui/lighthouse-src/pkg/costmodel/aggregator.go:17.21,21.3 1 1
github.com/myxxhui/lighthouse-src/pkg/costmodel/aggregator.go:23.2,25.29 2 1
github.com/myxxhui/lighthouse-src/pkg/costmodel/aggregator.go:25.29,29.3 3 1
github.com/myxxhui/lighthouse-src/pkg/costmodel/aggregator.go:32.2,33.23 2 1
github.com/myxxhui/lighthouse-src/pkg/costmodel/aggregator.go:33.23,35.3 1 1
github.com/myxxhui/lighthouse-src/pkg/costmodel/aggregator.go:38.2,47.8 4 1
github.com/myxxhui/lighthouse-src/pkg/costmodel/aggregator.go:55.90,56.21 1 1
github.com/myxxhui/lighthouse-src/pkg/costmodel/aggregator.go:56.21,58.3 1 1
github.com/myxxhui/lighthouse-src/pkg/costmodel/aggregator.go:61.2,63.29 2 1
github.com/myxxhui/lighthouse-src/pkg/costmodel/aggregator.go:63.29,64.65 1 1
github.com/myxxhui/lighthouse-src/pkg/costmodel/aggregator.go:64.65,71.4 6 1
github.com/myxxhui/lighthouse-src/pkg/costmodel/aggregator.go:71.9,81.4 1 1
github.com/myxxhui/lighthouse-src/pkg/costmodel/aggregator.go:85.2,86.38 2 1
github.com/myxxhui/lighthouse-src/pkg/costmodel/aggregator.go:86.38,88.3 1 1
github.com/myxxhui/lighthouse-src/pkg/costmodel/aggregator.go:91.2,93.46 2 1
github.com/myxxhui/lighthouse-src/pkg/costmodel/aggregator.go:93.46,95.24 2 1
github.com/myxxhui/lighthouse-src/pkg/costmodel/aggregator.go:95.24,97.4 1 1
github.com/myxxhui/lighthouse-src/pkg/costmodel/aggregator.go:99.3,106.5 1 1
github.com/myxxhui/lighthouse-src/pkg/costmodel/aggregator.go:110.2,110.44 1 1
github.com/myxxhui/lighthouse-src/pkg/costmodel/aggregator.go:110.44,112.3 1 1
github.com/myxxhui/lighthouse-src/pkg/costmodel/aggregator.go:114.2,114.23 1 1
github.com/myxxhui/lighthouse-src/pkg/costmodel/aggregator.go:121.92,122.21 1 1
github.com/myxxhui/lighthouse-src/pkg/costmodel/aggregator.go:122.21,124.3 1 1
github.com/myxxhui/lighthouse-src/pkg/costmodel/aggregator.go:126.2,128.29 2 1
github.com/myxxhui/lighthouse-src/pkg/costmodel/aggregator.go:128.29,130.52 2 1
github.com/myxxhui/lighthouse-src/pkg/costmodel/aggregator.go:130.52,132.4 1 1
github.com/myxxhui/lighthouse-src/pkg/costmodel/aggregator.go:134.3,138.22 5 1
github.com/myxxhui/lighthouse-src/pkg/costmodel/aggregator.go:142.2,144.50 2 1
github.com/myxxhui/lighthouse-src/pkg/costmodel/aggregator.go:144.50,156.3 2 1
github.com/myxxhui/lighthouse-src/pkg/costmodel/aggregator.go:158.2,158.20 1 1
github.com/myxxhui/lighthouse-src/pkg/costmodel/aggregator.go:165.99,166.21 1 1
github.com/myxxhui/lighthouse-src/pkg/costmodel/aggregator.go:166.21,168.3 1 1
github.com/myxxhui/lighthouse-src/pkg/costmodel/aggregator.go:170.2,170.34 1 1
github.com/myxxhui/lighthouse-src/pkg/costmodel/aggregator.go:170.34,172.3 1 1
github.com/myxxhui/lighthouse-src/pkg/costmodel/aggregator.go:174.2,176.29 2 1
github.com/myxxhui/lighthouse-src/pkg/costmodel/aggregator.go:176.29,178.53 2 1
github.com/myxxhui/lighthouse-src/pkg/costmodel/aggregator.go:178.53,180.4 1 1
github.com/myxxhui/lighthouse-src/pkg/costmodel/aggregator.go:182.3,186.22 5 1
github.com/myxxhui/lighthouse-src/pkg/costmodel/aggregator.go:190.2,192.44 2 1
github.com/myxxhui/lighthouse-src/pkg/costmodel/aggregator.go:192.44,204.3 2 1
github.com/myxxhui/lighthouse-src/pkg/costmodel/aggregator.go:206.2,206.20 1 1
github.com/myxxhui/lighthouse-src/pkg/costmodel/aggregator.go:213.91,214.21 1 1
github.com/myxxhui/lighthouse-src/pkg/costmodel/aggregator.go:214.21,216.3 1 1
github.com/myxxhui/lighthouse-src/pkg/costmodel/aggregator.go:218.2,220.29 2 1
github.com/myxxhui/lighthouse-src/pkg/costmodel/aggregator.go:220.29,222.59 2 1
github.com/myxxhui/lighthouse-src/pkg/costmodel/aggregator.go:222.59,224.4 1 1
github.com/myxxhui/lighthouse-src/pkg/costmodel/aggregator.go:226.3,230.22 5 1
github.com/myxxhui/lighthouse-src/pkg/costmodel/aggregator.go:234.2,236.50 2 1
github.com/myxxhui/lighthouse-src/pkg/costmodel/aggregator.go:236.50,248.3 2 1
github.com/myxxhui/lighthouse-src/pkg/costmodel/aggregator.go:250.2,250.20 1 1
github.com/myxxhui/lighthouse-src/pkg/costmodel/aggregator.go:257.95,258.21 1 1
github.com/myxxhui/lighthouse-src/pkg/costmodel/aggregator.go:258.21,260.3 1 1
github.com/myxxhui/lighthouse-src/pkg/costmodel/aggregator.go:262.2,262.31 1 1
github.com/myxxhui/lighthouse-src/pkg/costmodel/aggregator.go:262.31,264.3 1 1
github.com/myxxhui/lighthouse-src/pkg/costmodel/aggregator.go:266.2,268.29 2 1
github.com/myxxhui/lighthouse-src/pkg/costmodel/aggregator.go:268.29,270.49 2 1
github.com/myxxhui/lighthouse-src/pkg/costmodel/aggregator.go:270.49,272.4 1 1
github.com/myxxhui/lighthouse-src/pkg/costmodel/aggregator.go:274.3,278.22 5 1
github.com/myxxhui/lighthouse-src/pkg/costmodel/aggregator.go:282.2,284.40 2 1
github.com/myxxhui/lighthouse-src/pkg/costmodel/aggregator.go:284.40,296.3 2 1
github.com/myxxhui/lighthouse-src/pkg/costmodel/aggregator.go:298.2,298.20 1 1
github.com/myxxhui/lighthouse-src/pkg/costmodel/aggregator.go:313.64,314.32 1 1
github.com/myxxhui/lighthouse-src/pkg/costmodel/aggregator.go:314.32,316.3 1 1
github.com/myxxhui/lighthouse-src/pkg/costmodel/aggregator.go:319.2,319.22 1 1
github.com/myxxhui/lighthouse-src/pkg/costmodel/aggregator.go:319.22,321.3 1 1
github.com/myxxhui/lighthouse-src/pkg/costmodel/aggregator.go:323.2,323.35 1 1
github.com/myxxhui/lighthouse-src/pkg/costmodel/aggregator.go:327.44,328.47 1 1
github.com/myxxhui/lighthouse-src/pkg/costmodel/aggregator.go:328.47,330.3 1 1
github.com/myxxhui/lighthouse-src/pkg/costmodel/aggregator.go:332.2,332.36 1 1
github.com/myxxhui/lighthouse-src/pkg/costmodel/aggregator.go:336.45,337.47 1 1
github.com/myxxhui/lighthouse-src/pkg/costmodel/aggregator.go:337.47,339.3 1 0
github.com/myxxhui/lighthouse-src/pkg/costmodel/aggregator.go:341.2,341.36 1 1
github.com/myxxhui/lighthouse-src/pkg/costmodel/aggregator.go:345.58,346.29 1 0
github.com/myxxhui/lighthouse-src/pkg/costmodel/aggregator.go:346.29,347.28 1 0
github.com/myxxhui/lighthouse-src/pkg/costmodel/aggregator.go:347.28,349.4 1 0
github.com/myxxhui/lighthouse-src/pkg/costmodel/aggregator.go:350.3,350.25 1 0
github.com/myxxhui/lighthouse-src/pkg/costmodel/aggregator.go:350.25,352.4 1 0
github.com/myxxhui/lighthouse-src/pkg/costmodel/aggregator.go:353.3,353.25 1 0
github.com/myxxhui/lighthouse-src/pkg/costmodel/aggregator.go:353.25,355.4 1 0
github.com/myxxhui/lighthouse-src/pkg/costmodel/aggregator.go:357.2,357.12 1 0
github.com/myxxhui/lighthouse-src/pkg/costmodel/aggregator.go:361.66,362.29 1 0
github.com/myxxhui/lighthouse-src/pkg/costmodel/aggregator.go:362.29,363.33 1 0
github.com/myxxhui/lighthouse-src/pkg/costmodel/aggregator.go:363.33,365.4 1 0
github.com/myxxhui/lighthouse-src/pkg/costmodel/aggregator.go:366.3,366.30 1 0
github.com/myxxhui/lighthouse-src/pkg/costmodel/aggregator.go:366.30,368.4 1 0
github.com/myxxhui/lighthouse-src/pkg/costmodel/aggregator.go:369.3,369.30 1 0
github.com/myxxhui/lighthouse-src/pkg/costmodel/aggregator.go:369.30,371.4 1 0
github.com/myxxhui/lighthouse-src/pkg/costmodel/aggregator.go:373.2,373.12 1 0
github.com/myxxhui/lighthouse-src/pkg/costmodel/calculator.go:20.88,22.64 1 1
github.com/myxxhui/lighthouse-src/pkg/costmodel/calculator.go:22.64,24.3 1 1
github.com/myxxhui/lighthouse-src/pkg/costmodel/calculator.go:27.2,70.20 15 1
github.com/myxxhui/lighthouse-src/pkg/costmodel/calculator.go:74.75,76.23 1 1
github.com/myxxhui/lighthouse-src/pkg/costmodel/calculator.go:76.23,78.3 1 1
github.com/myxxhui/lighthouse-src/pkg/costmodel/calculator.go:79.2,79.24 1 1
github.com/myxxhui/lighthouse-src/pkg/costmodel/calculator.go:79.24,81.3 1 1
github.com/myxxhui/lighthouse-src/pkg/costmodel/calculator.go:82.2,82.23 1 1
github.com/myxxhui/lighthouse-src/pkg/costmodel/calculator.go:82.23,84.3 1 1
github.com/myxxhui/lighthouse-src/pkg/costmodel/calculator.go:85.2,85.24 1 1
github.com/myxxhui/lighthouse-src/pkg/costmodel/calculator.go:85.24,87.3 1 1
github.com/myxxhui/lighthouse-src/pkg/costmodel/calculator.go:90.2,90.20 1 1
github.com/myxxhui/lighthouse-src/pkg/costmodel/calculator.go:90.20,92.3 1 1
github.com/myxxhui/lighthouse-src/pkg/costmodel/calculator.go:93.2,93.19 1 1
github.com/myxxhui/lighthouse-src/pkg/costmodel/calculator.go:93.19,95.3 1 1
github.com/myxxhui/lighthouse-src/pkg/costmodel/calculator.go:97.2,97.12 1 1
github.com/myxxhui/lighthouse-src/pkg/costmodel/calculator.go:101.61,103.2 1 1
github.com/myxxhui/lighthouse-src/pkg/costmodel/calculator.go:106.59,108.2 1 1
github.com/myxxhui/lighthouse-src/pkg/costmodel/calculator.go:112.66,115.2 2 1
github.com/myxxhui/lighthouse-src/pkg/costmodel/calculator.go:119.64,122.2 2 1
github.com/myxxhui/lighthouse-src/pkg/costmodel/calculator.go:125.49,127.15 2 1
github.com/myxxhui/lighthouse-src/pkg/costmodel/calculator.go:127.15,129.3 1 1
github.com/myxxhui/lighthouse-src/pkg/costmodel/calculator.go:130.2,130.14 1 1
github.com/myxxhui/lighthouse-src/pkg/costmodel/calculator.go:134.70,135.21 1 1
github.com/myxxhui/lighthouse-src/pkg/costmodel/calculator.go:135.21,137.3 1 1
github.com/myxxhui/lighthouse-src/pkg/costmodel/calculator.go:138.2,141.24 2 1
github.com/myxxhui/lighthouse-src/pkg/costmodel/calculator.go:141.24,143.3 1 1
github.com/myxxhui/lighthouse-src/pkg/costmodel/calculator.go:144.2,144.20 1 1
github.com/myxxhui/lighthouse-src/pkg/costmodel/calculator.go:144.20,146.3 1 1
github.com/myxxhui/lighthouse-src/pkg/costmodel/calculator.go:147.2,147.19 1 1
github.com/myxxhui/lighthouse-src/pkg/costmodel/calculator.go:151.68,152.21 1 1
github.com/myxxhui/lighthouse-src/pkg/costmodel/calculator.go:152.21,154.3 1 1
github.com/myxxhui/lighthouse-src/pkg/costmodel/calculator.go:155.2,158.24 2 1
github.com/myxxhui/lighthouse-src/pkg/costmodel/calculator.go:158.24,160.3 1 1
github.com/myxxhui/lighthouse-src/pkg/costmodel/calculator.go:161.2,161.20 1 1
github.com/myxxhui/lighthouse-src/pkg/costmodel/calculator.go:161.20,163.3 1 1
github.com/myxxhui/lighthouse-src/pkg/costmodel/calculator.go:164.2,164.19 1 1
github.com/myxxhui/lighthouse-src/pkg/costmodel/calculator.go:168.95,170.24 2 1
github.com/myxxhui/lighthouse-src/pkg/costmodel/calculator.go:170.24,172.3 1 1
github.com/myxxhui/lighthouse-src/pkg/costmodel/calculator.go:175.2,176.22 2 1
github.com/myxxhui/lighthouse-src/pkg/costmodel/calculator.go:188.50,190.20 1 1
github.com/myxxhui/lighthouse-src/pkg/costmodel/calculator.go:190.20,192.3 1 1
github.com/myxxhui/lighthouse-src/pkg/costmodel/calculator.go:194.2,194.9 1 1
github.com/myxxhui/lighthouse-src/pkg/costmodel/calculator.go:195.20,196.21 1 1
github.com/myxxhui/lighthouse-src/pkg/costmodel/calculator.go:197.20,198.30 1 1
github.com/myxxhui/lighthouse-src/pkg/costmodel/calculator.go:199.38,200.22 1 1
github.com/myxxhui/lighthouse-src/pkg/costmodel/calculator.go:201.20,202.19 1 1
github.com/myxxhui/lighthouse-src/pkg/costmodel/calculator.go:203.10,206.22 1 1
github.com/myxxhui/lighthouse-src/pkg/costmodel/calculator.go:211.60,212.18 1 1
github.com/myxxhui/lighthouse-src/pkg/costmodel/calculator.go:212.18,214.3 1 1
github.com/myxxhui/lighthouse-src/pkg/costmodel/calculator.go:215.2,216.42 2 1
github.com/myxxhui/lighthouse-src/pkg/costmodel/calculator.go:221.46,223.2 1 1
github.com/myxxhui/lighthouse-src/pkg/costmodel/types.go:181.47,187.2 1 0
github.com/myxxhui/lighthouse-src/pkg/costmodel/zombie.go:21.53,23.36 1 1
github.com/myxxhui/lighthouse-src/pkg/costmodel/zombie.go:23.36,25.3 1 1
github.com/myxxhui/lighthouse-src/pkg/costmodel/zombie.go:28.2,44.33 10 1
github.com/myxxhui/lighthouse-src/pkg/costmodel/zombie.go:44.33,46.3 1 1
github.com/myxxhui/lighthouse-src/pkg/costmodel/zombie.go:49.2,50.13 2 1
github.com/myxxhui/lighthouse-src/pkg/costmodel/zombie.go:50.13,52.3 1 1
github.com/myxxhui/lighthouse-src/pkg/costmodel/zombie.go:53.2,53.14 1 1
github.com/myxxhui/lighthouse-src/pkg/costmodel/zombie.go:53.14,55.3 1 1
github.com/myxxhui/lighthouse-src/pkg/costmodel/zombie.go:56.2,56.13 1 1
github.com/myxxhui/lighthouse-src/pkg/costmodel/zombie.go:56.13,58.3 1 1
github.com/myxxhui/lighthouse-src/pkg/costmodel/zombie.go:59.2,59.14 1 1
github.com/myxxhui/lighthouse-src/pkg/costmodel/zombie.go:59.14,61.3 1 1
github.com/myxxhui/lighthouse-src/pkg/costmodel/zombie.go:62.2,62.17 1 1
github.com/myxxhui/lighthouse-src/pkg/costmodel/zombie.go:62.17,64.3 1 1
github.com/myxxhui/lighthouse-src/pkg/costmodel/zombie.go:65.2,65.18 1 1
github.com/myxxhui/lighthouse-src/pkg/costmodel/zombie.go:65.18,67.3 1 1
github.com/myxxhui/lighthouse-src/pkg/costmodel/zombie.go:69.2,70.22 2 1
github.com/myxxhui/lighthouse-src/pkg/costmodel/zombie.go:76.75,86.2 4 1
github.com/myxxhui/lighthouse-src/pkg/costmodel/zombie.go:89.92,91.15 2 1
github.com/myxxhui/lighthouse-src/pkg/costmodel/zombie.go:91.15,93.3 1 1
github.com/myxxhui/lighthouse-src/pkg/costmodel/zombie.go:94.2,97.68 2 1
github.com/myxxhui/lighthouse-src/pkg/costmodel/zombie.go:102.55,106.55 1 1
github.com/myxxhui/lighthouse-src/pkg/costmodel/zombie.go:106.55,108.3 1 1
github.com/myxxhui/lighthouse-src/pkg/costmodel/zombie.go:110.2,115.77 1 1
github.com/myxxhui/lighthouse-src/pkg/costmodel/zombie.go:115.77,117.3 1 1
github.com/myxxhui/lighthouse-src/pkg/costmodel/zombie.go:118.2,118.13 1 1
github.com/myxxhui/lighthouse-src/pkg/costmodel/zombie.go:122.43,123.23 1 1
github.com/myxxhui/lighthouse-src/pkg/costmodel/zombie.go:123.23,125.3 1 0
github.com/myxxhui/lighthouse-src/pkg/costmodel/zombie.go:126.2,127.36 2 1
github.com/myxxhui/lighthouse-src/pkg/costmodel/zombie.go:127.36,129.3 1 0
github.com/myxxhui/lighthouse-src/pkg/costmodel/zombie.go:130.2,130.15 1 1
github.com/myxxhui/lighthouse-src/pkg/costmodel/zombie.go:136.112,138.40 2 1
github.com/myxxhui/lighthouse-src/pkg/costmodel/zombie.go:138.40,140.3 1 1
github.com/myxxhui/lighthouse-src/pkg/costmodel/zombie.go:143.2,143.60 1 1
github.com/myxxhui/lighthouse-src/pkg/costmodel/zombie.go:143.60,146.3 1 0
github.com/myxxhui/lighthouse-src/pkg/costmodel/zombie.go:147.2,147.36 1 1
